This is pdfTeX, Version 3.14159265-2.6-1.40.21 (TeX Live 2020/W32TeX) (preloaded format=pdflatex 2020.10.23)  24 OCT 2020 18:18
entering extended mode
 restricted \write18 enabled.
 %&-line parsing enabled.
**main.tex
(./main.tex
LaTeX2e <2020-10-01> patch level 1
L3 programming layer <2020-10-05> xparse <2020-03-03> (./mitthesis.cls
Document Class: mitthesis 1999/10/20
\vithesis=\count175
(c:/texlive/2020/texmf-dist/tex/latex/base/report.cls
Document Class: report 2020/04/10 v1.4m Standard LaTeX document class
(c:/texlive/2020/texmf-dist/tex/latex/base/size12.clo
File: size12.clo 2020/04/10 v1.4m Standard LaTeX file (size option)
)
\c@part=\count176
\c@chapter=\count177
\c@section=\count178
\c@subsection=\count179
\c@subsubsection=\count180
\c@paragraph=\count181
\c@subparagraph=\count182
\c@figure=\count183
\c@table=\count184
\abovecaptionskip=\skip47
\belowcaptionskip=\skip48
\bibindent=\dimen138
)
(c:/texlive/2020/texmf-dist/tex/latex/setspace/setspace.sty
Package: setspace 2011/12/19 v6.7a set line spacing
)
Thesis document copyright MIT unless otherwise (manually) specified
\@titlesupervisor=\box47
\@abstractsupervisor=\box48
\c@savepage=\count185
) (./lgrind.sty
Package: lgrind 1997/01/30 v3.4 LGrind environment and supporting stuff
\lc@unt=\count186
\ln@xt=\count187
\LGnuminterval=\count188
\LGindent=\skip49
\LGsloppy=\skip50
\procbox=\box49
\ls@far=\box50
\tb@x=\box51
\TBw@d=\dimen139
\@ts=\dimen140
) (c:/texlive/2020/texmf-dist/tex/latex/cmap/cmap.sty
Package: cmap 2008/03/06 v1.0h CMap support: searchable PDF
)
(c:/texlive/2020/texmf-dist/tex/latex/base/fontenc.sty
Package: fontenc 2020/08/10 v2.0s Standard LaTeX package
<<t1.cmap>>)
(c:/texlive/2020/texmf-dist/tex/latex/booktabs/booktabs.sty
Package: booktabs 2020/01/12 v1.61803398 Publication quality tables
\heavyrulewidth=\dimen141
\lightrulewidth=\dimen142
\cmidrulewidth=\dimen143
\belowrulesep=\dimen144
\belowbottomsep=\dimen145
\aboverulesep=\dimen146
\abovetopsep=\dimen147
\cmidrulesep=\dimen148
\cmidrulekern=\dimen149
\defaultaddspace=\dimen150
\@cmidla=\count189
\@cmidlb=\count190
\@aboverulesep=\dimen151
\@belowrulesep=\dimen152
\@thisruleclass=\count191
\@lastruleclass=\count192
\@thisrulewidth=\dimen153
)
(c:/texlive/2020/texmf-dist/tex/latex/graphics/graphicx.sty
Package: graphicx 2020/09/09 v1.2b Enhanced LaTeX Graphics (DPC,SPQR)

(c:/texlive/2020/texmf-dist/tex/latex/graphics/keyval.sty
Package: keyval 2014/10/28 v1.15 key=value parser (DPC)
\KV@toks@=\toks15
)
(c:/texlive/2020/texmf-dist/tex/latex/graphics/graphics.sty
Package: graphics 2020/08/30 v1.4c Standard LaTeX Graphics (DPC,SPQR)

(c:/texlive/2020/texmf-dist/tex/latex/graphics/trig.sty
Package: trig 2016/01/03 v1.10 sin cos tan (DPC)
)
(c:/texlive/2020/texmf-dist/tex/latex/graphics-cfg/graphics.cfg
File: graphics.cfg 2016/06/04 v1.11 sample graphics configuration
)
Package graphics Info: Driver file: pdftex.def on input line 105.

(c:/texlive/2020/texmf-dist/tex/latex/graphics-def/pdftex.def
File: pdftex.def 2020/10/05 v1.2a Graphics/color driver for pdftex
))
\Gin@req@height=\dimen154
\Gin@req@width=\dimen155
)
(c:/texlive/2020/texmf-dist/tex/latex/enumitem/enumitem.sty
Package: enumitem 2019/06/20 v3.9 Customized lists
\labelindent=\skip51
\enit@outerparindent=\dimen156
\enit@toks=\toks16
\enit@inbox=\box52
\enit@count@id=\count193
\enitdp@description=\count194
)
(c:/texlive/2020/texmf-dist/tex/latex/multirow/multirow.sty
Package: multirow 2019/05/31 v2.5 Span multiple rows of a table
\multirow@colwidth=\skip52
\multirow@cntb=\count195
\multirow@dima=\skip53
\bigstrutjot=\dimen157
)
(c:/texlive/2020/texmf-dist/tex/latex/amsfonts/amsfonts.sty
Package: amsfonts 2013/01/14 v3.01 Basic AMSFonts support
\@emptytoks=\toks17
\symAMSa=\mathgroup4
\symAMSb=\mathgroup5
LaTeX Font Info:    Redeclaring math symbol \hbar on input line 98.
LaTeX Font Info:    Overwriting math alphabet `\mathfrak' in version `bold'
(Font)                  U/euf/m/n --> U/euf/b/n on input line 106.
)
(c:/texlive/2020/texmf-dist/tex/latex/amsmath/amsmath.sty
Package: amsmath 2020/09/23 v2.17i AMS math features
\@mathmargin=\skip54

For additional information on amsmath, use the `?' option.
(c:/texlive/2020/texmf-dist/tex/latex/amsmath/amstext.sty
Package: amstext 2000/06/29 v2.01 AMS text

(c:/texlive/2020/texmf-dist/tex/latex/amsmath/amsgen.sty
File: amsgen.sty 1999/11/30 v2.0 generic functions
\@emptytoks=\toks18
\ex@=\dimen158
))
(c:/texlive/2020/texmf-dist/tex/latex/amsmath/amsbsy.sty
Package: amsbsy 1999/11/29 v1.2d Bold Symbols
\pmbraise@=\dimen159
)
(c:/texlive/2020/texmf-dist/tex/latex/amsmath/amsopn.sty
Package: amsopn 2016/03/08 v2.02 operator names
)
\inf@bad=\count196
LaTeX Info: Redefining \frac on input line 234.
\uproot@=\count197
\leftroot@=\count198
LaTeX Info: Redefining \overline on input line 399.
\classnum@=\count199
\DOTSCASE@=\count266
LaTeX Info: Redefining \ldots on input line 496.
LaTeX Info: Redefining \dots on input line 499.
LaTeX Info: Redefining \cdots on input line 620.
\Mathstrutbox@=\box53
\strutbox@=\box54
\big@size=\dimen160
LaTeX Font Info:    Redeclaring font encoding OML on input line 743.
LaTeX Font Info:    Redeclaring font encoding OMS on input line 744.
\macc@depth=\count267
\c@MaxMatrixCols=\count268
\dotsspace@=\muskip16
\c@parentequation=\count269
\dspbrk@lvl=\count270
\tag@help=\toks19
\row@=\count271
\column@=\count272
\maxfields@=\count273
\andhelp@=\toks20
\eqnshift@=\dimen161
\alignsep@=\dimen162
\tagshift@=\dimen163
\tagwidth@=\dimen164
\totwidth@=\dimen165
\lineht@=\dimen166
\@envbody=\toks21
\multlinegap=\skip55
\multlinetaggap=\skip56
\mathdisplay@stack=\toks22
LaTeX Info: Redefining \[ on input line 2923.
LaTeX Info: Redefining \] on input line 2924.
)
(c:/texlive/2020/texmf-dist/tex/latex/l3backend/l3backend-pdftex.def
File: l3backend-pdftex.def 2020-09-24 L3 backend support: PDF output (pdfTeX)
\l__kernel_color_stack_int=\count274
\l__pdf_internal_box=\box55
)
(./main.aux (./cover.aux) (./signature.aux) (./contents.aux) (./chap1.aux)
(./chap2.aux) (./chap3.aux

LaTeX Warning: Label `tab:des' multiply defined.

) (./chap4.aux) (./chap5.aux) (./appa.aux) (./appb.aux) (./biblio.aux))
\openout1 = `main.aux'.

LaTeX Font Info:    Checking defaults for OML/cmm/m/it on input line 52.
LaTeX Font Info:    ... okay on input line 52.
LaTeX Font Info:    Checking defaults for OMS/cmsy/m/n on input line 52.
LaTeX Font Info:    ... okay on input line 52.
LaTeX Font Info:    Checking defaults for OT1/cmr/m/n on input line 52.
LaTeX Font Info:    ... okay on input line 52.
LaTeX Font Info:    Checking defaults for T1/cmr/m/n on input line 52.
LaTeX Font Info:    ... okay on input line 52.
LaTeX Font Info:    Checking defaults for TS1/cmr/m/n on input line 52.
LaTeX Font Info:    ... okay on input line 52.
LaTeX Font Info:    Checking defaults for OMX/cmex/m/n on input line 52.
LaTeX Font Info:    ... okay on input line 52.
LaTeX Font Info:    Checking defaults for U/cmr/m/n on input line 52.
LaTeX Font Info:    ... okay on input line 52.

(c:/texlive/2020/texmf-dist/tex/context/base/mkii/supp-pdf.mkii
[Loading MPS to PDF converter (version 2006.09.02).]
\scratchcounter=\count275
\scratchdimen=\dimen167
\scratchbox=\box56
\nofMPsegments=\count276
\nofMParguments=\count277
\everyMPshowfont=\toks23
\MPscratchCnt=\count278
\MPscratchDim=\dimen168
\MPnumerator=\count279
\makeMPintoPDFobject=\count280
\everyMPtoPDFconversion=\toks24
) (c:/texlive/2020/texmf-dist/tex/latex/epstopdf-pkg/epstopdf-base.sty
Package: epstopdf-base 2020-01-24 v2.11 Base part for package epstopdf

(c:/texlive/2020/texmf-dist/tex/generic/infwarerr/infwarerr.sty
Package: infwarerr 2019/12/03 v1.5 Providing info/warning/error messages (HO)
)
(c:/texlive/2020/texmf-dist/tex/latex/grfext/grfext.sty
Package: grfext 2019/12/03 v1.3 Manage graphics extensions (HO)

(c:/texlive/2020/texmf-dist/tex/generic/kvdefinekeys/kvdefinekeys.sty
Package: kvdefinekeys 2019-12-19 v1.6 Define keys (HO)
))
(c:/texlive/2020/texmf-dist/tex/latex/kvoptions/kvoptions.sty
Package: kvoptions 2020-10-07 v3.14 Key value format for package options (HO)

(c:/texlive/2020/texmf-dist/tex/generic/ltxcmds/ltxcmds.sty
Package: ltxcmds 2020-05-10 v1.25 LaTeX kernel commands for general use (HO)
)
(c:/texlive/2020/texmf-dist/tex/generic/kvsetkeys/kvsetkeys.sty
Package: kvsetkeys 2019/12/15 v1.18 Key value parser (HO)
))
(c:/texlive/2020/texmf-dist/tex/generic/pdftexcmds/pdftexcmds.sty
Package: pdftexcmds 2020-06-27 v0.33 Utility functions of pdfTeX for LuaTeX (HO
)

(c:/texlive/2020/texmf-dist/tex/generic/iftex/iftex.sty
Package: iftex 2020/03/06 v1.0d TeX engine tests
)
Package pdftexcmds Info: \pdf@primitive is available.
Package pdftexcmds Info: \pdf@ifprimitive is available.
Package pdftexcmds Info: \pdfdraftmode found.
)
Package epstopdf-base Info: Redefining graphics rule for `.eps' on input line 4
85.
Package grfext Info: Graphics extension search list:
(grfext)             [.pdf,.png,.jpg,.mps,.jpeg,.jbig2,.jb2,.PDF,.PNG,.JPG,.JPE
G,.JBIG2,.JB2,.eps]
(grfext)             \AppendGraphicsExtensions on input line 504.

(c:/texlive/2020/texmf-dist/tex/latex/latexconfig/epstopdf-sys.cfg
File: epstopdf-sys.cfg 2010/07/13 v1.3 Configuration of (r)epstopdf for TeX Liv
e
))
\openout2 = `cover.aux'.


(./cover.tex [1



{c:/texlive/2020/texmf-var/fonts/map/pdftex/updmap/pdftex.map}]
[2

] (./abstract.tex) [3

] [4

]) [5]
\openout2 = `signature.aux'.

 (./signature.tex [6




] [7])
\openout2 = `contents.aux'.

 (./contents.tex
[8




] (./main.toc<<ot1.cmap>><<oml.cmap>><<oms.cmap>><<omx.cmap>>
LaTeX Font Info:    Trying to load font information for U+msa on input line 2.

(c:/texlive/2020/texmf-dist/tex/latex/amsfonts/umsa.fd
File: umsa.fd 2013/01/14 v3.01 AMS symbols A
)
LaTeX Font Info:    Trying to load font information for U+msb on input line 2.

(c:/texlive/2020/texmf-dist/tex/latex/amsfonts/umsb.fd
File: umsb.fd 2013/01/14 v3.01 AMS symbols B
) [9] [10])
\tf@toc=\write3
\openout3 = `main.toc'.

 [11] [12

]
(./main.lof
Overfull \hbox (11.46169pt too wide) in paragraph at lines 3--3
 [][] []\T1/cmr/m/n/12 Illustration of trans-for-ma-tion be-tween pre-dicted an
d ground truth bound- 
 []


Overfull \hbox (24.94254pt too wide) in paragraph at lines 15--15
 \T1/cmr/m/n/12 bot-tle. Se-ries of con-tin-u-ous sam-ples from video GH010358_
6_10208_11900 
 []

[13]
Overfull \hbox (3.36925pt too wide) in paragraph at lines 23--23
 [][] []\T1/cmr/m/n/12 Images from the self-generated ego-cen-tric hand re-iden
tification dataset. 
 []

)
\tf@lof=\write4
\openout4 = `main.lof'.

 [14] (./main.lot
Underfull \vbox (badness 1552) has occurred while \output is active []

 [15

])
\tf@lot=\write5
\openout5 = `main.lot'.

)
[16]
\openout2 = `chap1.aux'.

 (./chap1.tex
Chapter 1.
[17




] [18]
Underfull \vbox (badness 10000) has occurred while \output is active []

 [19]
[20]
Underfull \vbox (badness 1675) has occurred while \output is active []

 [21]
[22] [23] [24]
Underfull \vbox (badness 1675) has occurred while \output is active []

 [25]
Overfull \hbox (1.17511pt too wide) in paragraph at lines 71--72
[]\T1/cmr/m/n/12 Detector: Faster RCNN, Mask RCNN, MaskR-CNN with re-gion based
, YOLOv3,
 []


Overfull \hbox (5.499pt too wide) in paragraph at lines 77--78
[]\T1/cmr/m/n/12 First, a hand de-tec-tion, seg-men-ta-tion and track-ing from 
ego-cen-tric vi-sion pipeline
 []

[26]) [27]
\openout2 = `chap2.aux'.

 (./chap2.tex [28




]
Chapter 2.
[29] [30]
<Figs/rcnnTrans.png, id=111, 254.259pt x 163.593pt>
File: Figs/rcnnTrans.png Graphic file (type png)
<use Figs/rcnnTrans.png>
Package pdftex.def Info: Figs/rcnnTrans.png  used on input line 31.
(pdftex.def)             Requested size: 216.81pt x 139.50151pt.

Underfull \vbox (badness 10000) has occurred while \output is active []

 [31]
<Figs/rcnnSche.png, id=121, 440.5185pt x 116.946pt>
File: Figs/rcnnSche.png Graphic file (type png)
<use Figs/rcnnSche.png>
Package pdftex.def Info: Figs/rcnnSche.png  used on input line 56.
(pdftex.def)             Requested size: 433.62pt x 115.11842pt.

Underfull \vbox (badness 10000) has occurred while \output is active []

 [32 <./Figs/rcnnTrans.png>]
<Figs/fastArc.png, id=129, 837.1275pt x 340.27126pt>
File: Figs/fastArc.png Graphic file (type png)
<use Figs/fastArc.png>
Package pdftex.def Info: Figs/fastArc.png  used on input line 63.
(pdftex.def)             Requested size: 433.62pt x 176.25151pt.


LaTeX Warning: No positions in optional float specifier.
               Default added (so using `tbp') on input line 68.


LaTeX Warning: Command \textellipsis invalid in math mode on input line 72.


LaTeX Warning: Command \textellipsis invalid in math mode on input line 73.


Overfull \hbox (12.65866pt too wide) in paragraph at lines 69--77
[][] 
 []

[33 <./Figs/rcnnSche.png>] [34 <./Figs/fastArc.png>]
<Figs/faster.png, id=138, 441.1755pt x 210.24pt>
File: Figs/faster.png Graphic file (type png)
<use Figs/faster.png>
Package pdftex.def Info: Figs/faster.png  used on input line 102.
(pdftex.def)             Requested size: 433.62pt x 206.64651pt.


LaTeX Warning: No positions in optional float specifier.
               Default added (so using `tbp') on input line 108.


Overfull \hbox (8.14732pt too wide) in paragraph at lines 110--121
[][] 
 []

[35]
Underfull \vbox (badness 10000) has occurred while \output is active []

 [36 <./Figs/faster.png>]
<Figs/maskrcnn.png, id=146, 1026.83624pt x 504.38437pt>
File: Figs/maskrcnn.png Graphic file (type png)
<use Figs/maskrcnn.png>
Package pdftex.def Info: Figs/maskrcnn.png  used on input line 137.
(pdftex.def)             Requested size: 433.62pt x 212.99443pt.

Underfull \vbox (badness 4518) has occurred while \output is active []

 [37]
Underfull \vbox (badness 10000) has occurred while \output is active []

 [38 <./Figs/maskrcnn.png>]
<Figs/yoloworkflow.png, id=155, 441.1755pt x 230.2785pt>
File: Figs/yoloworkflow.png Graphic file (type png)
<use Figs/yoloworkflow.png>
Package pdftex.def Info: Figs/yoloworkflow.png  used on input line 163.
(pdftex.def)             Requested size: 433.62pt x 226.3425pt.
<Figs/yolo-network.png, id=156, 1339.0025pt x 403.5075pt>
File: Figs/yolo-network.png Graphic file (type png)
<use Figs/yolo-network.png>
Package pdftex.def Info: Figs/yolo-network.png  used on input line 169.
(pdftex.def)             Requested size: 433.62pt x 130.67044pt.

Underfull \vbox (badness 10000) has occurred while \output is active []

 [39]
[40 <./Figs/yoloworkflow.png> <./Figs/yolo-network.png>]
Underfull \vbox (badness 6252) has occurred while \output is active []

 [41]
[42]

LaTeX Warning: No positions in optional float specifier.
               Default added (so using `tbp') on input line 198.

[43]
Underfull \vbox (badness 5924) has occurred while \output is active []

 [44]
[45]
<Figs/GTEA.jpg, id=181, 2622.79875pt x 647.41875pt>
File: Figs/GTEA.jpg Graphic file (type jpg)
<use Figs/GTEA.jpg>
Package pdftex.def Info: Figs/GTEA.jpg  used on input line 239.
(pdftex.def)             Requested size: 433.62pt x 107.02693pt.
<Figs/postGTEA.png, id=182, 700.11563pt x 527.72156pt>
File: Figs/postGTEA.png Graphic file (type png)
<use Figs/postGTEA.png>
Package pdftex.def Info: Figs/postGTEA.png  used on input line 246.
(pdftex.def)             Requested size: 433.62pt x 326.85384pt.
 [46 <./Figs/GTEA.jpg>]
<Figs/egohands.jpg, id=186, 1520.68124pt x 456.20438pt>
File: Figs/egohands.jpg Graphic file (type jpg)
<use Figs/egohands.jpg>
Package pdftex.def Info: Figs/egohands.jpg  used on input line 253.
(pdftex.def)             Requested size: 433.62pt x 130.08224pt.
<Figs/postegohands.png, id=187, 716.6775pt x 270.25969pt>
File: Figs/postegohands.png Graphic file (type png)
<use Figs/postegohands.png>
Package pdftex.def Info: Figs/postegohands.png  used on input line 259.
(pdftex.def)             Requested size: 433.62pt x 163.52203pt.
 [47] [48 <./Figs/postGTEA.PNG>]
Underfull \vbox (badness 10000) has occurred while \output is active []

 [49]
<Figs/micand32.png, id=199, 697.8572pt x 128.73094pt>
File: Figs/micand32.png Graphic file (type png)
<use Figs/micand32.png>
Package pdftex.def Info: Figs/micand32.png  used on input line 267.
(pdftex.def)             Requested size: 433.62pt x 79.98912pt.


LaTeX Warning: No positions in optional float specifier.
               Default added (so using `tbp') on input line 272.

<Figs/micand32Trajectory.png, id=200, 698.61pt x 546.54187pt>
File: Figs/micand32Trajectory.png Graphic file (type png)
<use Figs/micand32Trajectory.png>
Package pdftex.def Info: Figs/micand32Trajectory.png  used on input line 318.
(pdftex.def)             Requested size: 433.62pt x 339.23607pt.
<Figs/EHTAflowchartPage2.png, id=201, 2028.57875pt x 1099.10625pt>
File: Figs/EHTAflowchartPage2.png Graphic file (type png)
<use Figs/EHTAflowchartPage2.png>
Package pdftex.def Info: Figs/EHTAflowchartPage2.png  used on input line 324.
(pdftex.def)             Requested size: 433.62pt x 234.92801pt.
) [50 <./Figs/egohands.jpg> <./Figs/postegohands.PNG>]
Underfull \vbox (badness 10000) has occurred while \output is active []

 [51 <./Figs/micand32.PNG>]
Underfull \vbox (badness 10000) has occurred while \output is active []

 [52]
[53] [54 <./Figs/micand32Trajectory.PNG>] [55 <./Figs/EHTAflowchartPage2.png>]
\openout2 = `chap3.aux'.


(./chap3.tex [56




]
Chapter 3.
<Figs/proposedFramework.png, id=229, 2107.875pt x 1907.125pt>
File: Figs/proposedFramework.png Graphic file (type png)
<use Figs/proposedFramework.png>
Package pdftex.def Info: Figs/proposedFramework.png  used on input line 11.
(pdftex.def)             Requested size: 433.62pt x 392.30177pt.
[57] [58 <./Figs/proposedFramework.png>]
<Figs/trainingStage.png, id=237, 3155.79pt x 1712.3975pt>
File: Figs/trainingStage.png Graphic file (type png)
<use Figs/trainingStage.png>
Package pdftex.def Info: Figs/trainingStage.png  used on input line 23.
(pdftex.def)             Requested size: 433.62pt x 235.26595pt.
 [59 <./Figs/trainingStage.png>]
[60]

LaTeX Warning: No positions in optional float specifier.
               Default added (so using `tbp') on input line 40.


LaTeX Warning: No positions in optional float specifier.
               Default added (so using `tbp') on input line 64.


LaTeX Warning: No positions in optional float specifier.
               Default added (so using `tbp') on input line 79.


Overfull \hbox (38.33722pt too wide) in paragraph at lines 80--92
[][] 
 []

<Figs/yoloformat.png, id=245, 616.3025pt x 494.84875pt>
File: Figs/yoloformat.png Graphic file (type png)
<use Figs/yoloformat.png>
Package pdftex.def Info: Figs/yoloformat.png  used on input line 96.
(pdftex.def)             Requested size: 433.62pt x 348.17375pt.
<Figs/augmentation.png, id=246, 916.1728pt x 304.88907pt>
File: Figs/augmentation.png Graphic file (type png)
<use Figs/augmentation.png>
Package pdftex.def Info: Figs/augmentation.png  used on input line 102.
(pdftex.def)             Requested size: 433.62pt x 144.30275pt.

LaTeX Warning: No positions in optional float specifier.
               Default added (so using `tbp') on input line 107.

<Figs/tensorboard.png, id=247, 928.97063pt x 382.42876pt>
File: Figs/tensorboard.png Graphic file (type png)
<use Figs/tensorboard.png>
Package pdftex.def Info: Figs/tensorboard.png  used on input line 121.
(pdftex.def)             Requested size: 433.62pt x 178.51027pt.

Underfull \vbox (badness 4429) has occurred while \output is active []

 [61]
[62]
Underfull \vbox (badness 10000) has occurred while \output is active []

 [63]
[64 <./Figs/yoloformat.png>]
<Figs/reid.png, id=262, 766.36313pt x 417.81094pt>
File: Figs/reid.png Graphic file (type png)
<use Figs/reid.png>
Package pdftex.def Info: Figs/reid.png  used on input line 129.
(pdftex.def)             Requested size: 433.62pt x 236.40788pt.
<Figs/descriptor.jpg, id=263, 462.528pt x 346.896pt>
File: Figs/descriptor.jpg Graphic file (type jpg)
<use Figs/descriptor.jpg>
Package pdftex.def Info: Figs/descriptor.jpg  used on input line 158.
(pdftex.def)             Requested size: 462.52686pt x 346.89514pt.
 [65 <./Figs/augmentation.PNG>]
Package epstopdf Info: Source file: <Figs/inferenceStage.eps>
(epstopdf)                    date: 2020-10-23 21:02:31
(epstopdf)                    size: 17377447 bytes
(epstopdf)             Output file: <Figs/inferenceStage-eps-converted-to.pdf>
(epstopdf)                    date: 2020-10-24 11:08:27
(epstopdf)                    size: 498463 bytes
(epstopdf)             Command: <repstopdf --outfile=Figs/inferenceStage-eps-co
nverted-to.pdf Figs/inferenceStage.eps>
(epstopdf)             \includegraphics on input line 164.
Package epstopdf Info: Output file is already uptodate.
<Figs/inferenceStage-eps-converted-to.pdf, id=268, 1408.26125pt x 2019.545pt>
File: Figs/inferenceStage-eps-converted-to.pdf Graphic file (type pdf)
<use Figs/inferenceStage-eps-converted-to.pdf>
Package pdftex.def Info: Figs/inferenceStage-eps-converted-to.pdf  used on inpu
t line 164.
(pdftex.def)             Requested size: 433.62pt x 621.83073pt.

Underfull \vbox (badness 10000) has occurred while \output is active []

 [66 <./Figs/tensorboard.PNG>] [67 <./Figs/reid.png>] [68 <./Figs/descriptor.jp
g>]
Overfull \hbox (7.63914pt too wide) in paragraph at lines 173--197
[][] 
 []


Underfull \vbox (badness 10000) has occurred while \output is active []

 [69]
[70 <./Figs/inferenceStage-eps-converted-to.pdf>] [71]) [72]
\openout2 = `chap4.aux'.

 (./chap4.tex
Chapter 4.

Underfull \vbox (badness 10000) has occurred while \output is active []

 [73




]
[74] [75]

LaTeX Warning: No positions in optional float specifier.
               Default added (so using `tbp') on input line 63.


Overfull \hbox (6.70778pt too wide) in paragraph at lines 62--75
\T1/cmr/m/n/12 RCNN_R_50_FPN_3x, MaskR-CNN_R_50_FPN_3x. De-tec-tion eval-u-a-ti
on is show
 []


Underfull \vbox (badness 10000) has occurred while \output is active []

 [76]

LaTeX Warning: No positions in optional float specifier.
               Default added (so using `tbp') on input line 76.


Overfull \hbox (24.18848pt too wide) in paragraph at lines 78--87
[][]
 []


LaTeX Warning: No positions in optional float specifier.
               Default added (so using `tbp') on input line 90.


Overfull \hbox (29.64258pt too wide) in paragraph at lines 91--100
[][] 
 []


LaTeX Warning: No positions in optional float specifier.
               Default added (so using `tbp') on input line 105.

[77])
Underfull \vbox (badness 10000) has occurred while \output is active []

 [78]
[79]
\openout2 = `chap5.aux'.

 (./chap5.tex [80




]
Chapter 5.
[81]
<Figs/future.png, id=324, 462.72874pt x 167.62625pt>
File: Figs/future.png Graphic file (type png)
<use Figs/future.png>
Package pdftex.def Info: Figs/future.png  used on input line 23.
(pdftex.def)             Requested size: 325.215pt x 117.81331pt.
) [82] [83 <./Figs/future.png>] [84]
\openout2 = `appa.aux'.

 (./appa.tex
Appendix A.
) [85




]
\openout2 = `appb.aux'.

 (./appb.tex [86




]
Appendix B.
) [87]
\openout2 = `biblio.aux'.

 (./biblio.tex (./main.bbl [88




] [89] [90]
Underfull \hbox (badness 4726) in paragraph at lines 163--169
\T1/cmr/m/n/12 cen-tric hand track and object-based hu-man ac-tion recog-ni-tio
n.  In
 []


Underfull \hbox (badness 6542) in paragraph at lines 163--169
\T1/cmr/m/it/12 2019 IEEE Smart-World, Ubiq-ui-tous In-tel-li-gence Com-put-ing
, Ad-vanced
 []


Underfull \hbox (badness 10000) in paragraph at lines 163--169
\T1/cmr/m/it/12 Trusted Com-put-ing, Scal-able Com-put-ing Com-mu-ni-ca-tions, 
Cloud Big
 []


Underfull \hbox (badness 1097) in paragraph at lines 163--169
\T1/cmr/m/it/12 Data Com-put-ing, In-ter-net of Peo-ple and Smart City In-no-va
-tion (Smart-
 []

[91] [92])) [93] (./main.aux (./cover.aux) (./signature.aux) (./contents.aux)
(./chap1.aux) (./chap2.aux) (./chap3.aux) (./chap4.aux) (./chap5.aux)
(./appa.aux) (./appb.aux) (./biblio.aux))

LaTeX Warning: There were multiply-defined labels.

 )
(\end occurred when \ifx on line 50 was incomplete) 
Here is how much of TeX's memory you used:
 3733 strings out of 479917
 52892 string characters out of 5886664
 350236 words of memory out of 5000000
 20093 multiletter control sequences out of 15000+600000
 549568 words of font info for 61 fonts, out of 8000000 for 9000
 1141 hyphenation exceptions out of 8191
 70i,16n,76p,3145b,277s stack positions out of 5000i,500n,10000p,200000b,80000s
{c:/texlive/2020/texmf-dist/
fonts/enc/dvips/cm-super/cm-super-t1.enc}{c:/texlive/2020/texmf-dist/fonts/enc/
dvips/cm-super/cm-super-ts1.enc}<c:/texlive/2020/texmf-dist/fonts/type1/public/
amsfonts/cm/cmex10.pfb><c:/texlive/2020/texmf-dist/fonts/type1/public/amsfonts/
cm/cmmi12.pfb><c:/texlive/2020/texmf-dist/fonts/type1/public/amsfonts/cm/cmmi8.
pfb><c:/texlive/2020/texmf-dist/fonts/type1/public/amsfonts/cm/cmr12.pfb><c:/te
xlive/2020/texmf-dist/fonts/type1/public/amsfonts/cm/cmr8.pfb><c:/texlive/2020/
texmf-dist/fonts/type1/public/amsfonts/cm/cmsy10.pfb><c:/texlive/2020/texmf-dis
t/fonts/type1/public/amsfonts/cm/cmsy8.pfb><c:/texlive/2020/texmf-dist/fonts/ty
pe1/public/cm-super/sfbx1200.pfb><c:/texlive/2020/texmf-dist/fonts/type1/public
/cm-super/sfbx1440.pfb><c:/texlive/2020/texmf-dist/fonts/type1/public/cm-super/
sfbx1728.pfb><c:/texlive/2020/texmf-dist/fonts/type1/public/cm-super/sfbx2488.p
fb><c:/texlive/2020/texmf-dist/fonts/type1/public/cm-super/sfrm1200.pfb><c:/tex
live/2020/texmf-dist/fonts/type1/public/cm-super/sfrm1440.pfb><c:/texlive/2020/
texmf-dist/fonts/type1/public/cm-super/sfrm1728.pfb><c:/texlive/2020/texmf-dist
/fonts/type1/public/cm-super/sfti1200.pfb>
Output written on main.pdf (93 pages, 12561609 bytes).
PDF statistics:
 421 PDF objects out of 1000 (max. 8388607)
 260 compressed objects within 3 object streams
 0 named destinations out of 1000 (max. 500000)
 136 words of extra memory for PDF output out of 10000 (max. 10000000)

